<?xml version="1.0" encoding="UTF-8"?>
<testng-results skipped="0" failed="0" total="3" passed="3">
  <reporter-output>
  </reporter-output>
  <suite name="Test maven Testing" duration-ms="9349" started-at="2020-01-28T11:10:07Z" finished-at="2020-01-28T11:10:16Z">
    <groups>
    </groups>
    <test name="Maven test" duration-ms="9349" started-at="2020-01-28T11:10:07Z" finished-at="2020-01-28T11:10:16Z">
      <class name="com.qa.test.DemoTest">
        <test-method status="PASS" signature="url()[pri:0, instance:com.qa.test.DemoTest@473b46c3]" name="url" duration-ms="7758" started-at="2020-01-28T16:40:07Z" finished-at="2020-01-28T16:40:15Z">
          <reporter-output>
          </reporter-output>
        </test-method> <!-- url -->
        <test-method status="PASS" signature="login()[pri:0, instance:com.qa.test.DemoTest@473b46c3]" name="login" duration-ms="1569" started-at="2020-01-28T16:40:15Z" finished-at="2020-01-28T16:40:16Z">
          <reporter-output>
          </reporter-output>
        </test-method> <!-- login -->
      </class> <!-- com.qa.test.DemoTest -->
      <class name="com.qa.test.DemoTest2">
        <test-method status="PASS" signature="sub()[pri:0, instance:com.qa.test.DemoTest2@5d20e46]" name="sub" duration-ms="0" started-at="2020-01-28T16:40:16Z" finished-at="2020-01-28T16:40:16Z">
          <reporter-output>
          </reporter-output>
        </test-method> <!-- sub -->
      </class> <!-- com.qa.test.DemoTest2 -->
    </test> <!-- Maven test -->
  </suite> <!-- Test maven Testing -->
</testng-results>
