<?xml version="1.0" encoding="UTF-8"?>
<testng-results skipped="0" failed="0" total="3" passed="3">
  <reporter-output>
  </reporter-output>
  <suite name="Test maven Testing" duration-ms="16873" started-at="2020-01-27T17:36:23Z" finished-at="2020-01-27T17:36:40Z">
    <groups>
    </groups>
    <test name="Maven test" duration-ms="16873" started-at="2020-01-27T17:36:23Z" finished-at="2020-01-27T17:36:40Z">
      <class name="com.qa.test.DemoTest">
        <test-method status="PASS" signature="url()[pri:0, instance:com.qa.test.DemoTest@473b46c3]" name="url" duration-ms="14444" started-at="2020-01-27T23:06:23Z" finished-at="2020-01-27T23:06:38Z">
          <reporter-output>
          </reporter-output>
        </test-method> <!-- url -->
        <test-method status="PASS" signature="login()[pri:0, instance:com.qa.test.DemoTest@473b46c3]" name="login" duration-ms="2416" started-at="2020-01-27T23:06:38Z" finished-at="2020-01-27T23:06:40Z">
          <reporter-output>
          </reporter-output>
        </test-method> <!-- login -->
      </class> <!-- com.qa.test.DemoTest -->
      <class name="com.qa.test.DemoTest2">
        <test-method status="PASS" signature="sub()[pri:0, instance:com.qa.test.DemoTest2@5d20e46]" name="sub" duration-ms="0" started-at="2020-01-27T23:06:40Z" finished-at="2020-01-27T23:06:40Z">
          <reporter-output>
          </reporter-output>
        </test-method> <!-- sub -->
      </class> <!-- com.qa.test.DemoTest2 -->
    </test> <!-- Maven test -->
  </suite> <!-- Test maven Testing -->
</testng-results>
