<?xml version="1.0" encoding="UTF-8"?>
<testng-results skipped="0" failed="0" total="3" passed="3">
  <reporter-output>
  </reporter-output>
  <suite name="Test maven Testing" duration-ms="9707" started-at="2020-01-28T11:09:13Z" finished-at="2020-01-28T11:09:23Z">
    <groups>
    </groups>
    <test name="Maven test" duration-ms="9707" started-at="2020-01-28T11:09:13Z" finished-at="2020-01-28T11:09:23Z">
      <class name="com.qa.test.DemoTest">
        <test-method status="PASS" signature="url()[pri:0, instance:com.qa.test.DemoTest@534df152]" name="url" duration-ms="8127" started-at="2020-01-28T16:39:13Z" finished-at="2020-01-28T16:39:21Z">
          <reporter-output>
          </reporter-output>
        </test-method> <!-- url -->
        <test-method status="PASS" signature="login()[pri:0, instance:com.qa.test.DemoTest@534df152]" name="login" duration-ms="1573" started-at="2020-01-28T16:39:21Z" finished-at="2020-01-28T16:39:23Z">
          <reporter-output>
          </reporter-output>
        </test-method> <!-- login -->
      </class> <!-- com.qa.test.DemoTest -->
      <class name="com.qa.test.DemoTest2">
        <test-method status="PASS" signature="sub()[pri:0, instance:com.qa.test.DemoTest2@55040f2f]" name="sub" duration-ms="1" started-at="2020-01-28T16:39:23Z" finished-at="2020-01-28T16:39:23Z">
          <reporter-output>
          </reporter-output>
        </test-method> <!-- sub -->
      </class> <!-- com.qa.test.DemoTest2 -->
    </test> <!-- Maven test -->
  </suite> <!-- Test maven Testing -->
</testng-results>
