<?xml version="1.0" encoding="UTF-8"?>
<testng-results skipped="0" failed="0" total="1" passed="1">
  <reporter-output>
  </reporter-output>
  <suite name="Default suite" duration-ms="13393" started-at="2020-01-26T16:05:41Z" finished-at="2020-01-26T16:05:54Z">
    <groups>
    </groups>
    <test name="Default test" duration-ms="13393" started-at="2020-01-26T16:05:41Z" finished-at="2020-01-26T16:05:54Z">
      <class name="com.qa.test.DemoTest">
        <test-method status="PASS" signature="login()[pri:0, instance:com.qa.test.DemoTest@548a9f61]" name="login" duration-ms="13364" started-at="2020-01-26T21:35:41Z" finished-at="2020-01-26T21:35:54Z">
          <reporter-output>
          </reporter-output>
        </test-method> <!-- login -->
      </class> <!-- com.qa.test.DemoTest -->
    </test> <!-- Default test -->
  </suite> <!-- Default suite -->
</testng-results>
